2025-12-07 07:52:00 | INFO | repo=2017-course-sys-int-activemq-seminar | action=commit
2025-10-15 12:32:00 | DEBUG | repo=2017-course-sys-int-activemq-seminar | action=pull
2025-03-20 08:03:00 | WARN | repo=2017-course-sys-int-activemq-seminar | action=pull
2025-03-05 09:36:00 | INFO | repo=2017-course-sys-int-activemq-seminar | action=pull
2025-04-24 16:58:00 | INFO | repo=2017-course-sys-int-activemq-seminar | action=commit
2025-03-13 19:03:00 | INFO | repo=2017-course-sys-int-activemq-seminar | action=edit | files=1
2025-10-21 08:24:00 | INFO | repo=2017-course-sys-int-activemq-seminar | action=edit | files=5
2025-08-01 14:01:00 | INFO | repo=2017-course-sys-int-activemq-seminar | action=commit
2025-05-13 16:19:00 | WARN | repo=2017-course-sys-int-activemq-seminar | action=test | passed=true
2025-02-13 09:40:00 | INFO | repo=2017-course-sys-int-activemq-seminar | action=pull
2025-03-01 18:29:00 | DEBUG | repo=2017-course-sys-int-activemq-seminar | action=test | passed=true
2025-11-17 11:09:00 | WARN | repo=2017-course-sys-int-activemq-seminar | action=pull
2025-08-01 21:21:00 | WARN | repo=2017-course-sys-int-activemq-seminar | action=commit
2025-09-21 07:04:00 | INFO | repo=2017-course-sys-int-activemq-seminar | action=commit
2025-08-26 08:26:00 | DEBUG | repo=2017-course-sys-int-activemq-seminar | action=commit
2025-10-21 21:27:00 | WARN | repo=2017-course-sys-int-activemq-seminar | action=commit
2025-08-09 13:18:00 | DEBUG | repo=2017-course-sys-int-activemq-seminar | action=commit
2025-11-12 18:44:00 | DEBUG | repo=2017-course-sys-int-activemq-seminar | action=pull
2025-07-26 08:49:00 | WARN | repo=2017-course-sys-int-activemq-seminar | action=commit
2025-05-10 12:19:00 | WARN | repo=2017-course-sys-int-activemq-seminar | action=edit | files=3
2025-01-09 07:01:00 | INFO | repo=2017-course-sys-int-activemq-seminar | action=commit
2025-03-03 07:49:00 | INFO | repo=2017-course-sys-int-activemq-seminar | action=commit
2025-11-11 18:25:00 | INFO | repo=2017-course-sys-int-activemq-seminar | action=commit
2025-01-10 16:51:00 | INFO | repo=2017-course-sys-int-activemq-seminar | action=test | passed=true
2025-11-18 08:10:00 | DEBUG | repo=2017-course-sys-int-activemq-seminar | action=commit
2025-02-13 21:33:00 | INFO | repo=2017-course-sys-int-activemq-seminar | action=pull
2025-12-11 11:24:00 | INFO | repo=2017-course-sys-int-activemq-seminar | action=edit | files=4
2025-04-21 18:11:00 | WARN | repo=2017-course-sys-int-activemq-seminar | action=commit
2025-09-22 13:54:00 | DEBUG | repo=2017-course-sys-int-activemq-seminar | action=commit
2025-11-25 18:11:00 | DEBUG | repo=2017-course-sys-int-activemq-seminar | action=edit | files=3
2025-02-26 07:17:00 | INFO | repo=2017-course-sys-int-activemq-seminar | action=edit | files=3
2025-02-16 11:40:00 | WARN | repo=2017-course-sys-int-activemq-seminar | action=edit | files=5
2025-08-11 08:35:00 | DEBUG | repo=2017-course-sys-int-activemq-seminar | action=test | passed=true
2025-10-24 14:52:00 | DEBUG | repo=2017-course-sys-int-activemq-seminar | action=test | passed=true
2025-04-10 18:35:00 | INFO | repo=2017-course-sys-int-activemq-seminar | action=commit
2025-03-22 07:00:00 | WARN | repo=2017-course-sys-int-activemq-seminar | action=commit
2025-06-10 10:19:00 | DEBUG | repo=2017-course-sys-int-activemq-seminar | action=test | passed=true
2025-04-11 21:28:00 | DEBUG | repo=2017-course-sys-int-activemq-seminar | action=commit
2025-07-20 20:35:00 | DEBUG | repo=2017-course-sys-int-activemq-seminar | action=test | passed=true
2025-02-23 07:52:00 | DEBUG | repo=2017-course-sys-int-activemq-seminar | action=commit
2025-07-06 08:22:00 | WARN | repo=2017-course-sys-int-activemq-seminar | action=commit
2025-08-01 14:25:00 | DEBUG | repo=2017-course-sys-int-activemq-seminar | action=test | passed=true
2025-01-13 15:24:00 | INFO | repo=2017-course-sys-int-activemq-seminar | action=commit
2025-08-10 08:52:00 | DEBUG | repo=2017-course-sys-int-activemq-seminar | action=commit
2025-01-07 10:44:00 | WARN | repo=2017-course-sys-int-activemq-seminar | action=test | passed=true
2025-09-24 16:09:00 | WARN | repo=2017-course-sys-int-activemq-seminar | action=commit
2025-01-26 19:57:00 | DEBUG | repo=2017-course-sys-int-activemq-seminar | action=edit | files=4
2025-02-14 20:47:00 | DEBUG | repo=2017-course-sys-int-activemq-seminar | action=commit
2025-12-27 09:41:00 | WARN | repo=2017-course-sys-int-activemq-seminar | action=pull
2025-11-10 07:10:00 | INFO | repo=2017-course-sys-int-activemq-seminar | action=commit
